build/intermediates/manifest_merge_blame_file/release/manifest-merger-blame-release-report.txt
1<?xml version="1.0" encoding="utf-8"?>
2<manifest xmlns:android="http://schemas.android.com/apk/res/android"
3    package="com.guslang.vibrator"
4    android:versionCode="6"
5    android:versionName="1.5" >
6
7    <uses-sdk
8        android:minSdkVersion="16"
8-->src\main\AndroidManifest.xml
9        android:targetSdkVersion="30" />
9-->src\main\AndroidManifest.xml
10
11    <uses-permission android:name="android.permission.VIBRATE" />
11-->src\main\AndroidManifest.xml:5:5-65
11-->src\main\AndroidManifest.xml:5:22-63
12    <!-- 인터넷을 사용하기 위한 권한입니다. -->
13    <uses-permission android:name="android.permission.INTERNET" />
13-->src\main\AndroidManifest.xml:7:5-66
13-->src\main\AndroidManifest.xml:7:22-64
14    <uses-permission android:name="android.permission.ACCESS_NETWORK_STATE" />
14-->[com.google.android.gms:play-services-measurement-api:17.6.0] AndroidManifest.xml:23:5-79
14-->[com.google.android.gms:play-services-measurement-api:17.6.0] AndroidManifest.xml:23:22-76
15    <uses-permission android:name="android.permission.WAKE_LOCK" />
15-->[com.google.android.gms:play-services-measurement-api:17.6.0] AndroidManifest.xml:24:5-68
15-->[com.google.android.gms:play-services-measurement-api:17.6.0] AndroidManifest.xml:24:22-65
16    <uses-permission android:name="com.google.android.finsky.permission.BIND_GET_INSTALL_REFERRER_SERVICE" />
16-->[com.google.android.gms:play-services-measurement:17.6.0] AndroidManifest.xml:26:5-110
16-->[com.google.android.gms:play-services-measurement:17.6.0] AndroidManifest.xml:26:22-107
17
18    <application
18-->src\main\AndroidManifest.xml:9:5-33:19
19        android:name="androidx.multidex.MultiDexApplication"
20        android:allowBackup="true"
20-->src\main\AndroidManifest.xml:10:9-35
21        android:appComponentFactory="androidx.core.app.CoreComponentFactory"
21-->[androidx.core:core:1.3.1] AndroidManifest.xml:24:18-86
22        android:icon="@mipmap/ic_launcher"
22-->src\main\AndroidManifest.xml:11:9-43
23        android:label="@string/app_name"
23-->src\main\AndroidManifest.xml:12:9-41
24        android:roundIcon="@mipmap/ic_launcher_round"
24-->src\main\AndroidManifest.xml:13:9-54
25        android:supportsRtl="true"
25-->src\main\AndroidManifest.xml:14:9-35
26        android:theme="@style/AppTheme" >
26-->src\main\AndroidManifest.xml:15:9-40
27        <meta-data
27-->src\main\AndroidManifest.xml:17:9-19:60
28            android:name="com.google.android.gms.ads.APPLICATION_ID"
28-->src\main\AndroidManifest.xml:18:13-69
29            android:value="@string/admob_app_id_for_test" />
29-->src\main\AndroidManifest.xml:19:13-58
30
31        <activity
31-->src\main\AndroidManifest.xml:21:9-29:20
32            android:name="com.guslang.vibrator.MainActivity"
32-->src\main\AndroidManifest.xml:21:19-47
33            android:configChanges="orientation"
33-->src\main\AndroidManifest.xml:22:13-48
34            android:screenOrientation="portrait" >
34-->src\main\AndroidManifest.xml:23:13-49
35            <intent-filter>
35-->src\main\AndroidManifest.xml:24:13-28:29
36                <action android:name="android.intent.action.MAIN" />
36-->src\main\AndroidManifest.xml:25:17-69
36-->src\main\AndroidManifest.xml:25:25-66
37
38                <category android:name="android.intent.category.LAUNCHER" />
38-->src\main\AndroidManifest.xml:27:17-77
38-->src\main\AndroidManifest.xml:27:27-74
39            </intent-filter>
40        </activity>
41
42        <meta-data
42-->src\main\AndroidManifest.xml:30:9-32:57
43            android:name="preloaded_fonts"
43-->src\main\AndroidManifest.xml:31:13-43
44            android:resource="@array/preloaded_fonts" />
44-->src\main\AndroidManifest.xml:32:13-54
45
46        <service
46-->[com.google.firebase:firebase-analytics-ktx:17.6.0] AndroidManifest.xml:8:9-14:19
47            android:name="com.google.firebase.components.ComponentDiscoveryService"
47-->[com.google.firebase:firebase-analytics-ktx:17.6.0] AndroidManifest.xml:9:13-84
48            android:directBootAware="true"
48-->[com.google.firebase:firebase-common:19.3.0] AndroidManifest.xml:34:13-43
49            android:exported="false" >
49-->[com.google.firebase:firebase-analytics-ktx:17.6.0] AndroidManifest.xml:10:13-37
50            <meta-data
50-->[com.google.firebase:firebase-analytics-ktx:17.6.0] AndroidManifest.xml:11:13-13:85
51                android:name="com.google.firebase.components:com.google.firebase.analytics.ktx.FirebaseAnalyticsKtxRegistrar"
51-->[com.google.firebase:firebase-analytics-ktx:17.6.0] AndroidManifest.xml:12:17-126
52                android:value="com.google.firebase.components.ComponentRegistrar" />
52-->[com.google.firebase:firebase-analytics-ktx:17.6.0] AndroidManifest.xml:13:17-82
53            <meta-data
53-->[com.google.firebase:firebase-common-ktx:19.3.0] AndroidManifest.xml:15:13-17:85
54                android:name="com.google.firebase.components:com.google.firebase.ktx.FirebaseCommonKtxRegistrar"
54-->[com.google.firebase:firebase-common-ktx:19.3.0] AndroidManifest.xml:16:17-113
55                android:value="com.google.firebase.components.ComponentRegistrar" />
55-->[com.google.firebase:firebase-common-ktx:19.3.0] AndroidManifest.xml:17:17-82
56            <meta-data
56-->[com.google.android.gms:play-services-measurement-api:17.6.0] AndroidManifest.xml:30:13-32:85
57                android:name="com.google.firebase.components:com.google.firebase.analytics.connector.internal.AnalyticsConnectorRegistrar"
57-->[com.google.android.gms:play-services-measurement-api:17.6.0] AndroidManifest.xml:31:17-139
58                android:value="com.google.firebase.components.ComponentRegistrar" />
58-->[com.google.android.gms:play-services-measurement-api:17.6.0] AndroidManifest.xml:32:17-82
59            <meta-data
59-->[com.google.firebase:firebase-installations:16.3.2] AndroidManifest.xml:17:13-19:85
60                android:name="com.google.firebase.components:com.google.firebase.installations.FirebaseInstallationsRegistrar"
60-->[com.google.firebase:firebase-installations:16.3.2] AndroidManifest.xml:18:17-127
61                android:value="com.google.firebase.components.ComponentRegistrar" />
61-->[com.google.firebase:firebase-installations:16.3.2] AndroidManifest.xml:19:17-82
62        </service>
63
64        <provider
64-->[com.google.firebase:firebase-common:19.3.0] AndroidManifest.xml:26:9-30:39
65            android:name="com.google.firebase.provider.FirebaseInitProvider"
65-->[com.google.firebase:firebase-common:19.3.0] AndroidManifest.xml:27:13-77
66            android:authorities="com.guslang.vibrator.firebaseinitprovider"
66-->[com.google.firebase:firebase-common:19.3.0] AndroidManifest.xml:28:13-72
67            android:exported="false"
67-->[com.google.firebase:firebase-common:19.3.0] AndroidManifest.xml:29:13-37
68            android:initOrder="100" />
68-->[com.google.firebase:firebase-common:19.3.0] AndroidManifest.xml:30:13-36
69
70        <receiver
70-->[com.google.android.gms:play-services-measurement:17.6.0] AndroidManifest.xml:29:9-33:20
71            android:name="com.google.android.gms.measurement.AppMeasurementReceiver"
71-->[com.google.android.gms:play-services-measurement:17.6.0] AndroidManifest.xml:30:13-85
72            android:enabled="true"
72-->[com.google.android.gms:play-services-measurement:17.6.0] AndroidManifest.xml:31:13-35
73            android:exported="false" >
73-->[com.google.android.gms:play-services-measurement:17.6.0] AndroidManifest.xml:32:13-37
74        </receiver>
75
76        <service
76-->[com.google.android.gms:play-services-measurement:17.6.0] AndroidManifest.xml:35:9-38:40
77            android:name="com.google.android.gms.measurement.AppMeasurementService"
77-->[com.google.android.gms:play-services-measurement:17.6.0] AndroidManifest.xml:36:13-84
78            android:enabled="true"
78-->[com.google.android.gms:play-services-measurement:17.6.0] AndroidManifest.xml:37:13-35
79            android:exported="false" />
79-->[com.google.android.gms:play-services-measurement:17.6.0] AndroidManifest.xml:38:13-37
80        <service
80-->[com.google.android.gms:play-services-measurement:17.6.0] AndroidManifest.xml:39:9-43:72
81            android:name="com.google.android.gms.measurement.AppMeasurementJobService"
81-->[com.google.android.gms:play-services-measurement:17.6.0] AndroidManifest.xml:40:13-87
82            android:enabled="true"
82-->[com.google.android.gms:play-services-measurement:17.6.0] AndroidManifest.xml:41:13-35
83            android:exported="false"
83-->[com.google.android.gms:play-services-measurement:17.6.0] AndroidManifest.xml:42:13-37
84            android:permission="android.permission.BIND_JOB_SERVICE" /> <!-- Include the AdActivity and InAppPurchaseActivity configChanges and themes. -->
84-->[com.google.android.gms:play-services-measurement:17.6.0] AndroidManifest.xml:43:13-69
85        <activity
85-->[com.google.android.gms:play-services-ads-lite:19.4.0] AndroidManifest.xml:29:9-33:64
86            android:name="com.google.android.gms.ads.AdActivity"
86-->[com.google.android.gms:play-services-ads-lite:19.4.0] AndroidManifest.xml:30:13-65
87            android:configChanges="keyboard|keyboardHidden|orientation|screenLayout|uiMode|screenSize|smallestScreenSize"
87-->[com.google.android.gms:play-services-ads-lite:19.4.0] AndroidManifest.xml:31:13-122
88            android:exported="false"
88-->[com.google.android.gms:play-services-ads-lite:19.4.0] AndroidManifest.xml:32:13-37
89            android:theme="@android:style/Theme.Translucent" />
89-->[com.google.android.gms:play-services-ads-lite:19.4.0] AndroidManifest.xml:33:13-61
90
91        <provider
91-->[com.google.android.gms:play-services-ads-lite:19.4.0] AndroidManifest.xml:35:9-39:39
92            android:name="com.google.android.gms.ads.MobileAdsInitProvider"
92-->[com.google.android.gms:play-services-ads-lite:19.4.0] AndroidManifest.xml:36:13-76
93            android:authorities="com.guslang.vibrator.mobileadsinitprovider"
93-->[com.google.android.gms:play-services-ads-lite:19.4.0] AndroidManifest.xml:37:13-73
94            android:exported="false"
94-->[com.google.android.gms:play-services-ads-lite:19.4.0] AndroidManifest.xml:38:13-37
95            android:initOrder="100" />
95-->[com.google.android.gms:play-services-ads-lite:19.4.0] AndroidManifest.xml:39:13-36
96
97        <service
97-->[com.google.android.gms:play-services-ads-lite:19.4.0] AndroidManifest.xml:41:9-44:40
98            android:name="com.google.android.gms.ads.AdService"
98-->[com.google.android.gms:play-services-ads-lite:19.4.0] AndroidManifest.xml:42:13-64
99            android:enabled="true"
99-->[com.google.android.gms:play-services-ads-lite:19.4.0] AndroidManifest.xml:43:13-35
100            android:exported="false" />
100-->[com.google.android.gms:play-services-ads-lite:19.4.0] AndroidManifest.xml:44:13-37
101
102        <meta-data
102-->[com.google.android.gms:play-services-basement:17.3.0] AndroidManifest.xml:23:9-25:69
103            android:name="com.google.android.gms.version"
103-->[com.google.android.gms:play-services-basement:17.3.0] AndroidManifest.xml:24:13-58
104            android:value="@integer/google_play_services_version" />
104-->[com.google.android.gms:play-services-basement:17.3.0] AndroidManifest.xml:25:13-66
105    </application>
106
107</manifest>